# JRE version: OpenJDK Runtime Environment Temurin-21.0.10+7 (21.0.10+7) (build 21.0.10+7-LTS)
# Java VM: OpenJDK 64-Bit Server VM Temurin-21.0.10+7 (21.0.10+7-LTS, mixed mode, sharing, tiered, compressed oops, compressed class ptrs, g1 gc, windows-amd64)
GC Precious Log:
 CardTable entry size: 512
 Card Set container configuration: InlinePtr #cards 5 size 8 Array Of Cards #cards 12 size 40 Howl #buckets 4 coarsen threshold 1843 Howl Bitmap #cards 512 size 80 coarsen threshold 460 Card regions per heap region 1 cards per card region 2048
 CPUs: 16 total, 16 available
 Memory: 14181M
 Large Page Support: Disabled
 NUMA Support: Disabled
 Compressed Oops: Enabled (32-bit)
 Heap Region Size: 1M
 Heap Min Capacity: 8M
 Heap Initial Capacity: 222M
 Heap Max Capacity: 2G
 Pre-touch: Disabled
 Parallel Workers: 13
 Concurrent Workers: 3
 Concurrent Refinement Workers: 13
 Periodic GC: Disabled
Heap:
 garbage-first heap   total 104448K, used 50980K [0x0000000080000000, 0x0000000100000000)
  region size 1024K, 16 young (16384K), 5 survivors (5120K)
 Metaspace       used 45484K, committed 47104K, reserved 1114112K
  class space    used 6677K, committed 7488K, reserved 1048576K
GC Heap History (18 events):
Event: 0.875 GC heap before
{Heap before GC invocations=0 (full 0):
 garbage-first heap   total 227328K, used 22528K [0x0000000080000000, 0x0000000100000000)
  region size 1024K, 23 young (23552K), 0 survivors (0K)
 Metaspace       used 1100K, committed 1216K, reserved 1114112K
  class space    used 81K, committed 128K, reserved 1048576K
}
Event: 0.881 GC heap after
{Heap after GC invocations=1 (full 0):
 garbage-first heap   total 227328K, used 2796K [0x0000000080000000, 0x0000000100000000)
  region size 1024K, 3 young (3072K), 3 survivors (3072K)
 Metaspace       used 1100K, committed 1216K, reserved 1114112K
  class space    used 81K, committed 128K, reserved 1048576K
}
Event: 2.147 GC heap before
{Heap before GC invocations=1 (full 0):
 garbage-first heap   total 227328K, used 40684K [0x0000000080000000, 0x0000000100000000)
  region size 1024K, 38 young (38912K), 3 survivors (3072K)
 Metaspace       used 4480K, committed 4672K, reserved 1114112K
  class space    used 552K, committed 640K, reserved 1048576K
}
Event: 2.153 GC heap after
{Heap after GC invocations=2 (full 0):
 garbage-first heap   total 227328K, used 11043K [0x0000000080000000, 0x0000000100000000)
  region size 1024K, 5 young (5120K), 5 survivors (5120K)
 Metaspace       used 4480K, committed 4672K, reserved 1114112K
  class space    used 552K, committed 640K, reserved 1048576K
}
Event: 3.668 GC heap before
{Heap before GC invocations=2 (full 0):
 garbage-first heap   total 227328K, used 60195K [0x0000000080000000, 0x0000000100000000)
  region size 1024K, 52 young (53248K), 5 survivors (5120K)
 Metaspace       used 5603K, committed 5824K, reserved 1114112K
  class space    used 736K, committed 832K, reserved 1048576K
}
Event: 3.678 GC heap after
{Heap after GC invocations=3 (full 0):
 garbage-first heap   total 227328K, used 16611K [0x0000000080000000, 0x0000000100000000)
  region size 1024K, 7 young (7168K), 7 survivors (7168K)
 Metaspace       used 5603K, committed 5824K, reserved 1114112K
  class space    used 736K, committed 832K, reserved 1048576K
}
Event: 17.570 GC heap before
{Heap before GC invocations=3 (full 0):
 garbage-first heap   total 227328K, used 106723K [0x0000000080000000, 0x0000000100000000)
  region size 1024K, 96 young (98304K), 7 survivors (7168K)
 Metaspace       used 20772K, committed 21504K, reserved 1114112K
  class space    used 3052K, committed 3392K, reserved 1048576K
}
Event: 17.592 GC heap after
{Heap after GC invocations=4 (full 0):
 garbage-first heap   total 227328K, used 24289K [0x0000000080000000, 0x0000000100000000)
  region size 1024K, 15 young (15360K), 15 survivors (15360K)
 Metaspace       used 20772K, committed 21504K, reserved 1114112K
  class space    used 3052K, committed 3392K, reserved 1048576K
}
Event: 24.844 GC heap before
{Heap before GC invocations=5 (full 0):
 garbage-first heap   total 86016K, used 84705K [0x0000000080000000, 0x0000000100000000)
  region size 1024K, 74 young (75776K), 15 survivors (15360K)
 Metaspace       used 28089K, committed 29248K, reserved 1114112K
  class space    used 4292K, committed 4864K, reserved 1048576K
}
Event: 24.862 GC heap after
{Heap after GC invocations=6 (full 0):
 garbage-first heap   total 104448K, used 27363K [0x0000000080000000, 0x0000000100000000)
  region size 1024K, 11 young (11264K), 11 survivors (11264K)
 Metaspace       used 28089K, committed 29248K, reserved 1114112K
  class space    used 4292K, committed 4864K, reserved 1048576K
}
Event: 30.172 GC heap before
{Heap before GC invocations=6 (full 0):
 garbage-first heap   total 104448K, used 62179K [0x0000000080000000, 0x0000000100000000)
  region size 1024K, 46 young (47104K), 11 survivors (11264K)
 Metaspace       used 34771K, committed 35968K, reserved 1114112K
  class space    used 5174K, committed 5760K, reserved 1048576K
}
Event: 30.185 GC heap after
{Heap after GC invocations=7 (full 0):
 garbage-first heap   total 104448K, used 31018K [0x0000000080000000, 0x0000000100000000)
  region size 1024K, 8 young (8192K), 8 survivors (8192K)
 Metaspace       used 34771K, committed 35968K, reserved 1114112K
  class space    used 5174K, committed 5760K, reserved 1048576K
}
Event: 30.270 GC heap before
{Heap before GC invocations=7 (full 0):
 garbage-first heap   total 104448K, used 32042K [0x0000000080000000, 0x0000000100000000)
  region size 1024K, 10 young (10240K), 8 survivors (8192K)
 Metaspace       used 35069K, committed 36288K, reserved 1114112K
  class space    used 5222K, committed 5824K, reserved 1048576K
}
Event: 30.279 GC heap after
{Heap after GC invocations=8 (full 0):
 garbage-first heap   total 104448K, used 31586K [0x0000000080000000, 0x0000000100000000)
  region size 1024K, 5 young (5120K), 5 survivors (5120K)
 Metaspace       used 35069K, committed 36288K, reserved 1114112K
  class space    used 5222K, committed 5824K, reserved 1048576K
}
Event: 32.093 GC heap before
{Heap before GC invocations=9 (full 0):
 garbage-first heap   total 104448K, used 88930K [0x0000000080000000, 0x0000000100000000)
  region size 1024K, 57 young (58368K), 5 survivors (5120K)
 Metaspace       used 38423K, committed 39744K, reserved 1114112K
  class space    used 5565K, committed 6208K, reserved 1048576K
}
Event: 32.102 GC heap after
{Heap after GC invocations=10 (full 0):
 garbage-first heap   total 104448K, used 36586K [0x0000000080000000, 0x0000000100000000)
  region size 1024K, 8 young (8192K), 8 survivors (8192K)
 Metaspace       used 38423K, committed 39744K, reserved 1114112K
  class space    used 5565K, committed 6208K, reserved 1048576K
}
Event: 38.358 GC heap before
{Heap before GC invocations=10 (full 0):
 garbage-first heap   total 104448K, used 87786K [0x0000000080000000, 0x0000000100000000)
  region size 1024K, 58 young (59392K), 8 survivors (8192K)
 Metaspace       used 44566K, committed 46144K, reserved 1114112K
  class space    used 6505K, committed 7296K, reserved 1048576K
}
Event: 38.369 GC heap after
{Heap after GC invocations=11 (full 0):
 garbage-first heap   total 104448K, used 40740K [0x0000000080000000, 0x0000000100000000)
  region size 1024K, 5 young (5120K), 5 survivors (5120K)
 Metaspace       used 44566K, committed 46144K, reserved 1114112K
  class space    used 6505K, committed 7296K, reserved 1048576K
}

